gen-apps/Ebay/Ebay/app/build/outputs/apk/manifest-merger-debug-report.txt
-- Merging decision tree log ---
manifest
ADDED from AndroidManifest.xml:2:1
	package
		ADDED from AndroidManifest.xml:3:5
		INJECTED from AndroidManifest.xml:0:0
		INJECTED from AndroidManifest.xml:0:0
	android:versionName
		INJECTED from AndroidManifest.xml:0:0
		INJECTED from AndroidManifest.xml:0:0
	xmlns:android
		ADDED from AndroidManifest.xml:2:11
	android:versionCode
		INJECTED from AndroidManifest.xml:0:0
		INJECTED from AndroidManifest.xml:0:0
uses-permission#android.permission.INTERNET
ADDED from AndroidManifest.xml:5:1
	android:name
		ADDED from AndroidManifest.xml:5:18
uses-permission#android.permission.ACCESS_NETWORK_STATE
ADDED from AndroidManifest.xml:6:1
	android:name
		ADDED from AndroidManifest.xml:6:18
application
ADDED from AndroidManifest.xml:8:5
MERGED from com.android.support:appcompat-v7:19.1.0:19:5
MERGED from com.android.support:support-v4:21.0.3:16:5
MERGED from com.android.support:support-v4:21.0.3:16:5
	android:label
		ADDED from AndroidManifest.xml:12:9
	android:allowBackup
		ADDED from AndroidManifest.xml:9:9
	android:icon
		ADDED from AndroidManifest.xml:10:9
	android:theme
		ADDED from AndroidManifest.xml:13:9
	android:name
		ADDED from AndroidManifest.xml:11:9
activity#com.rappt.ebay.app.activities.HomeActivity_
ADDED from AndroidManifest.xml:14:17
	android:label
		ADDED from AndroidManifest.xml:15:21
	android:name
		ADDED from AndroidManifest.xml:16:21
intent-filter#android.intent.action.MAIN+android.intent.category.LAUNCHER
ADDED from AndroidManifest.xml:17:21
action#android.intent.action.MAIN
ADDED from AndroidManifest.xml:18:25
	android:name
		ADDED from AndroidManifest.xml:18:33
category#android.intent.category.LAUNCHER
ADDED from AndroidManifest.xml:19:25
	android:name
		ADDED from AndroidManifest.xml:19:35
activity#com.rappt.ebay.app.activities.PasswordActivity_
ADDED from AndroidManifest.xml:22:17
	android:label
		ADDED from AndroidManifest.xml:23:21
	android:name
		ADDED from AndroidManifest.xml:24:21
activity#com.rappt.ebay.app.activities.TabbarActivity_
ADDED from AndroidManifest.xml:26:17
	android:name
		ADDED from AndroidManifest.xml:27:21
uses-sdk
INJECTED from AndroidManifest.xml:0:0 reason: use-sdk injection requested
MERGED from com.android.support:appcompat-v7:19.1.0:18:5
MERGED from com.android.support:support-v4:21.0.3:15:5
MERGED from com.android.support:support-v4:21.0.3:15:5
	android:targetSdkVersion
		INJECTED from AndroidManifest.xml:0:0
		INJECTED from AndroidManifest.xml:0:0
	android:minSdkVersion
		INJECTED from AndroidManifest.xml:0:0
		INJECTED from AndroidManifest.xml:0:0